\BOOKMARK [-1][-]{part.1}{\376\377\000I\000\040\000M\000e\000m\000o\000r\000i\000a\000\040\000T\000\350\000c\000n\000i\000c\000a}{}% 1
\BOOKMARK [0][-]{chapter.1}{\376\377\000C\000o\000n\000t\000e\000x\000t\000u\000a\000l\000i\000t\000z\000a\000c\000i\000\363\000\040\000i\000\040\000A\000b\000a\000s\000t\000\040\000d\000e\000l\000\040\000p\000r\000o\000j\000e\000c\000t\000e}{part.1}% 2
\BOOKMARK [1][-]{section.1.1}{\376\377\000I\000n\000t\000r\000o\000d\000u\000c\000c\000i\000\363}{chapter.1}% 3
\BOOKMARK [2][-]{subsection.1.1.1}{\376\377\000C\000o\000n\000t\000e\000x\000t}{section.1.1}% 4
\BOOKMARK [2][-]{subsection.1.1.2}{\376\377\000C\000o\000n\000c\000e\000p\000t\000e\000s}{section.1.1}% 5
\BOOKMARK [2][-]{subsection.1.1.3}{\376\377\000I\000d\000e\000n\000t\000i\000f\000i\000c\000a\000c\000i\000\363\000\040\000d\000e\000l\000\040\000p\000r\000o\000b\000l\000e\000m\000a}{section.1.1}% 6
\BOOKMARK [2][-]{subsection.1.1.4}{\376\377\000A\000c\000t\000o\000r\000s\000\040\000i\000m\000p\000l\000i\000c\000a\000t\000s}{section.1.1}% 7
\BOOKMARK [1][-]{section.1.2}{\376\377\000J\000u\000s\000t\000i\000f\000i\000c\000a\000c\000i\000\363}{chapter.1}% 8
\BOOKMARK [2][-]{subsection.1.2.1}{\376\377\000E\000s\000t\000a\000t\000\040\000d\000e\000\040\000l\000'\000a\000r\000t}{section.1.2}% 9
\BOOKMARK [2][-]{subsection.1.2.2}{\376\377\000S\000e\000l\000e\000c\000c\000i\000\363\000\040\000d\000'\000e\000i\000n\000e\000s}{section.1.2}% 10
\BOOKMARK [1][-]{section.1.3}{\376\377\000A\000b\000a\000s\000t}{chapter.1}% 11
\BOOKMARK [2][-]{subsection.1.3.1}{\376\377\000O\000b\000j\000e\000c\000t\000i\000u\000s}{section.1.3}% 12
\BOOKMARK [2][-]{subsection.1.3.2}{\376\377\000S\000u\000b\000o\000b\000j\000e\000c\000t\000i\000u\000s}{section.1.3}% 13
\BOOKMARK [2][-]{subsection.1.3.3}{\376\377\000R\000e\000q\000u\000e\000r\000i\000m\000e\000n\000t\000s}{section.1.3}% 14
\BOOKMARK [2][-]{subsection.1.3.4}{\376\377\000O\000b\000s\000t\000a\000c\000l\000e\000s\000\040\000i\000\040\000r\000i\000s\000c\000o\000s}{section.1.3}% 15
\BOOKMARK [1][-]{section.1.4}{\376\377\000M\000e\000t\000o\000d\000o\000l\000o\000g\000i\000a\000\040\000i\000\040\000r\000i\000g\000o\000r}{chapter.1}% 16
\BOOKMARK [2][-]{subsection.1.4.1}{\376\377\000M\000e\000t\000o\000d\000o\000l\000o\000g\000i\000a\000\040\000d\000e\000\040\000t\000r\000e\000b\000a\000l\000l}{section.1.4}% 17
\BOOKMARK [2][-]{subsection.1.4.2}{\376\377\000S\000e\000g\000u\000i\000m\000e\000n\000t}{section.1.4}% 18
\BOOKMARK [0][-]{chapter.2}{\376\377\000C\000o\000n\000j\000u\000n\000t\000\040\000d\000e\000\040\000d\000a\000d\000e\000s}{part.1}% 19
\BOOKMARK [1][-]{section.2.1}{\376\377\000R\000e\000s\000t\000r\000i\000c\000c\000i\000o\000n\000s\000\040\000i\000\040\000r\000e\000q\000u\000i\000s\000i\000t\000s\000\040\000d\000e\000l\000s\000\040\000c\000o\000n\000j\000u\000n\000t\000s\000\040\000d\000e\000\040\000d\000a\000d\000e\000s}{chapter.2}% 20
\BOOKMARK [1][-]{section.2.2}{\376\377\000C\000o\000n\000j\000u\000n\000t\000\040\000d\000e\000\040\000d\000a\000d\000e\000s\000\040\000u\000t\000i\000l\000i\000t\000z\000a\000d\000e\000s}{chapter.2}% 21
\BOOKMARK [2][-]{subsection.2.2.1}{\376\377\000C\000o\000n\000j\000u\000n\000t\000\040\000d\000e\000\040\000d\000a\000d\000e\000s\000\040\000M\000o\000v\000i\000e\000L\000e\000n\000s}{section.2.2}% 22
\BOOKMARK [2][-]{subsection.2.2.2}{\376\377\000C\000o\000n\000j\000u\000n\000t\000\040\000d\000e\000\040\000d\000a\000d\000e\000s\000\040\000B\000o\000o\000k\000-\000C\000r\000o\000s\000s\000i\000n\000g}{section.2.2}% 23
\BOOKMARK [2][-]{subsection.2.2.3}{\376\377\000C\000o\000n\000j\000u\000n\000t\000\040\000d\000e\000\040\000d\000a\000d\000e\000s\000\040\000J\000e\000s\000t\000e\000r}{section.2.2}% 24
\BOOKMARK [1][-]{section.2.3}{\376\377\000C\000o\000n\000j\000u\000n\000t\000s\000\040\000d\000e\000\040\000d\000a\000d\000e\000s\000\040\000s\000i\000n\000t\000\350\000t\000i\000q\000u\000e\000s}{chapter.2}% 25
\BOOKMARK [2][-]{subsection.2.3.1}{\376\377\000M\000o\000v\000i\000e\000L\000e\000n\000s\000\040\000s\000i\000n\000t\000\350\000t\000i\000c\000\040\000\050\000b\000a\000s\000e\000\051}{section.2.3}% 26
\BOOKMARK [2][-]{subsection.2.3.2}{\376\377\000M\000o\000v\000i\000e\000L\000e\000n\000s\000\040\000s\000i\000n\000t\000\350\000t\000i\000c\000\040\000\050\000b\000a\000i\000x\000a\000\040\000d\000e\000n\000s\000i\000t\000a\000t\000\051}{section.2.3}% 27
\BOOKMARK [2][-]{subsection.2.3.3}{\376\377\000M\000o\000v\000i\000e\000L\000e\000n\000s\000\040\000s\000i\000n\000t\000\350\000t\000i\000c\000\040\000\050\000a\000l\000t\000a\000\040\000d\000e\000n\000s\000i\000t\000a\000t\000\051}{section.2.3}% 28
\BOOKMARK [0][-]{chapter.3}{\376\377\000S\000i\000s\000t\000e\000m\000a\000\040\000d\000e\000\040\000r\000e\000c\000o\000m\000a\000n\000a\000c\000i\000\363}{part.1}% 29
\BOOKMARK [1][-]{section.3.1}{\376\377\000A\000r\000q\000u\000i\000t\000e\000c\000t\000u\000r\000a\000\040\000c\000o\000m\000u\000n\000a\000\040\000d\000e\000l\000\040\000s\000i\000s\000t\000e\000m\000a\000\040\000d\000e\000\040\000r\000e\000c\000o\000m\000a\000n\000a\000c\000i\000\363}{chapter.3}% 30
\BOOKMARK [1][-]{section.3.2}{\376\377\000A\000l\000g\000o\000r\000i\000s\000m\000e\000s\000\040\000d\000e\000\040\000c\000l\000u\000s\000t\000e\000r\000i\000n\000g\000\040\000e\000m\000p\000r\000a\000t\000s}{chapter.3}% 31
\BOOKMARK [1][-]{section.3.3}{\376\377\000C\000l\000u\000s\000t\000e\000r\000i\000n\000g\000\040\000d\000u\000r}{chapter.3}% 32
\BOOKMARK [1][-]{section.3.4}{\376\377\000C\000l\000u\000s\000t\000e\000r\000i\000n\000g\000\040\000d\000i\000f\000\372\000s}{chapter.3}% 33
\BOOKMARK [1][-]{section.3.5}{\376\377\000C\000l\000u\000s\000t\000e\000r\000i\000n\000g\000\040\000j\000e\000r\000\340\000r\000q\000u\000i\000c}{chapter.3}% 34
\BOOKMARK [1][-]{section.3.6}{\376\377\000C\000l\000u\000s\000t\000e\000r\000i\000n\000g\000\040\000p\000e\000r\000\040\000d\000e\000n\000s\000i\000t\000a\000t}{chapter.3}% 35
\BOOKMARK [1][-]{section.3.7}{\376\377\000C\000l\000u\000s\000t\000e\000r\000i\000n\000g\000\040\000p\000e\000r\000\040\000m\000o\000d\000e\000l}{chapter.3}% 36
\BOOKMARK [0][-]{chapter.4}{\376\377\000A\000n\000\340\000l\000i\000s\000i\000\040\000d\000e\000\040\000r\000e\000s\000u\000l\000t\000a\000t\000s}{part.1}% 37
\BOOKMARK [1][-]{section.4.1}{\376\377\000R\000e\000s\000u\000l\000t\000a\000t\000s\000\040\000c\000l\000u\000s\000t\000e\000r\000i\000n\000g\000\040\000d\000u\000r}{chapter.4}% 38
\BOOKMARK [1][-]{section.4.2}{\376\377\000R\000e\000s\000u\000l\000t\000a\000t\000s\000\040\000c\000l\000u\000s\000t\000e\000r\000i\000n\000g\000\040\000d\000i\000f\000\372\000s}{chapter.4}% 39
\BOOKMARK [1][-]{section.4.3}{\376\377\000R\000e\000s\000u\000l\000t\000a\000t\000s\000\040\000c\000l\000u\000s\000t\000e\000r\000i\000n\000g\000\040\000j\000e\000r\000\340\000r\000q\000u\000i\000c}{chapter.4}% 40
\BOOKMARK [1][-]{section.4.4}{\376\377\000R\000e\000s\000u\000l\000t\000a\000t\000s\000\040\000c\000l\000u\000s\000t\000e\000r\000i\000n\000g\000\040\000p\000e\000r\000\040\000d\000e\000n\000s\000i\000t\000a\000t}{chapter.4}% 41
\BOOKMARK [1][-]{section.4.5}{\376\377\000R\000e\000s\000u\000l\000t\000a\000t\000s\000\040\000c\000l\000u\000s\000t\000e\000r\000i\000n\000g\000\040\000p\000e\000r\000\040\000m\000o\000d\000e\000l}{chapter.4}% 42
\BOOKMARK [1][-]{section.4.6}{\376\377\000S\000\355\000n\000t\000e\000s\000i\000\040\000i\000\040\000c\000o\000m\000p\000a\000r\000a\000c\000i\000\363\000\040\000e\000n\000t\000r\000e\000\040\000m\000\350\000t\000o\000d\000e\000s}{chapter.4}% 43
\BOOKMARK [0][-]{chapter.5}{\376\377\000C\000o\000n\000c\000l\000u\000s\000i\000o\000n\000s}{part.1}% 44
\BOOKMARK [1][-]{section.5.1}{\376\377\000O\000b\000j\000e\000c\000t\000i\000u\000s\000\040\000a\000s\000s\000o\000l\000i\000t\000s}{chapter.5}% 45
\BOOKMARK [1][-]{section.5.2}{\376\377\000T\000r\000e\000b\000a\000l\000l\000\040\000f\000u\000t\000u\000r}{chapter.5}% 46
\BOOKMARK [1][-]{section.5.3}{\376\377\000I\000m\000p\000a\000c\000t\000e\000\040\000i\000\040\000v\000a\000l\000o\000r\000a\000c\000i\000\363\000\040\000p\000e\000r\000s\000o\000n\000a\000l}{chapter.5}% 47
\BOOKMARK [-1][-]{part.2}{\376\377\000I\000I\000\040\000M\000e\000m\000o\000r\000i\000a\000\040\000d\000e\000\040\000G\000e\000s\000t\000i\000\363}{}% 48
\BOOKMARK [0][-]{chapter.6}{\376\377\000P\000l\000a\000n\000i\000f\000i\000c\000a\000c\000i\000\363\000\040\000t\000e\000m\000p\000o\000r\000a\000l}{part.2}% 49
\BOOKMARK [1][-]{section.6.1}{\376\377\000D\000e\000s\000c\000r\000i\000p\000c\000i\000\363\000\040\000d\000e\000\040\000l\000e\000s\000\040\000t\000a\000s\000q\000u\000e\000s}{chapter.6}% 50
\BOOKMARK [2][-]{subsection.6.1.1}{\376\377\000G\000P\000\040\000-\000\040\000G\000e\000s\000t\000i\000\363\000\040\000d\000e\000l\000\040\000P\000r\000o\000j\000e\000c\000t\000e}{section.6.1}% 51
\BOOKMARK [2][-]{subsection.6.1.2}{\376\377\000T\000P\000\040\000-\000\040\000T\000r\000e\000b\000a\000l\000l\000\040\000P\000r\000e\000v\000i}{section.6.1}% 52
\BOOKMARK [2][-]{subsection.6.1.3}{\376\377\000S\000D\000\040\000-\000\040\000S\000e\000l\000e\000c\000c\000i\000\363\000\040\000i\000\040\000t\000r\000a\000c\000t\000a\000m\000e\000n\000t\000\040\000d\000e\000l\000\040\000c\000o\000n\000j\000u\000n\000t\000\040\000d\000e\000\040\000d\000a\000d\000e\000s}{section.6.1}% 53
\BOOKMARK [2][-]{subsection.6.1.4}{\376\377\000S\000R\000\040\000-\000\040\000D\000e\000s\000e\000n\000v\000o\000l\000u\000p\000a\000m\000e\000n\000t\000\040\000d\000e\000l\000\040\000s\000i\000s\000t\000e\000m\000a\000\040\000d\000e\000\040\000r\000e\000c\000o\000m\000a\000n\000a\000c\000i\000\363}{section.6.1}% 54
\BOOKMARK [2][-]{subsection.6.1.5}{\376\377\000A\000R\000\040\000-\000\040\000C\000o\000m\000p\000a\000r\000a\000c\000i\000\363\000\040\000d\000e\000\040\000r\000e\000s\000u\000l\000t\000a\000t\000s\000\040\000i\000\040\000a\000n\000\340\000l\000i\000s\000i\000\040\000d\000e\000l\000\040\000r\000e\000n\000d\000i\000m\000e\000n\000t}{section.6.1}% 55
\BOOKMARK [2][-]{subsection.6.1.6}{\376\377\000D\000\040\000-\000\040\000D\000o\000c\000u\000m\000e\000n\000t\000a\000c\000i\000\363}{section.6.1}% 56
\BOOKMARK [2][-]{subsection.6.1.7}{\376\377\000D\000T\000\040\000-\000\040\000D\000e\000f\000e\000n\000s\000a\000\040\000d\000e\000l\000\040\000t\000r\000e\000b\000a\000l\000l}{section.6.1}% 57
\BOOKMARK [1][-]{section.6.2}{\376\377\000R\000e\000c\000u\000r\000s\000o\000s}{chapter.6}% 58
\BOOKMARK [2][-]{subsection.6.2.1}{\376\377\000R\000e\000c\000u\000r\000s\000o\000s\000\040\000h\000u\000m\000a\000n\000s}{section.6.2}% 59
\BOOKMARK [2][-]{subsection.6.2.2}{\376\377\000R\000e\000c\000u\000r\000s\000o\000s\000\040\000m\000a\000t\000e\000r\000i\000a\000l\000s}{section.6.2}% 60
\BOOKMARK [1][-]{section.6.3}{\376\377\000T\000a\000u\000l\000a\000\040\000r\000e\000s\000u\000m\000\040\000d\000e\000\040\000l\000e\000s\000\040\000t\000a\000s\000q\000u\000e\000s}{chapter.6}% 61
\BOOKMARK [1][-]{section.6.4}{\376\377\000D\000i\000a\000g\000r\000a\000m\000a\000\040\000d\000e\000\040\000G\000a\000n\000t\000t}{chapter.6}% 62
\BOOKMARK [1][-]{section.6.5}{\376\377\000G\000e\000s\000t\000i\000\363\000\040\000d\000e\000l\000\040\000r\000i\000s\000c}{chapter.6}% 63
\BOOKMARK [0][-]{chapter.7}{\376\377\000G\000e\000s\000t\000i\000\363\000\040\000E\000c\000o\000n\000\362\000m\000i\000c\000a\000\040\000i\000\040\000s\000o\000s\000t\000e\000n\000i\000b\000i\000l\000i\000t\000a\000t}{part.2}% 64
\BOOKMARK [1][-]{section.7.1}{\376\377\000G\000e\000s\000t\000i\000\363\000\040\000E\000c\000o\000n\000\362\000m\000i\000c\000a}{chapter.7}% 65
\BOOKMARK [2][-]{subsection.7.1.1}{\376\377\000C\000o\000s\000t\000o\000s\000\040\000d\000e\000\040\000p\000e\000r\000s\000o\000n\000a\000l}{section.7.1}% 66
\BOOKMARK [2][-]{subsection.7.1.2}{\376\377\000C\000o\000s\000t\000o\000s\000\040\000g\000e\000n\000\350\000r\000i\000c\000s}{section.7.1}% 67
\BOOKMARK [2][-]{subsection.7.1.3}{\376\377\000C\000o\000n\000t\000i\000n\000g\000\350\000n\000c\000i\000e\000s}{section.7.1}% 68
\BOOKMARK [2][-]{subsection.7.1.4}{\376\377\000I\000m\000p\000r\000e\000v\000i\000s\000t\000o\000s}{section.7.1}% 69
\BOOKMARK [2][-]{subsection.7.1.5}{\376\377\000C\000o\000s\000t\000\040\000t\000o\000t\000a\000l}{section.7.1}% 70
\BOOKMARK [2][-]{subsection.7.1.6}{\376\377\000C\000o\000n\000t\000r\000o\000l\000\040\000d\000e\000\040\000g\000e\000s\000t\000i\000\363}{section.7.1}% 71
\BOOKMARK [1][-]{section.7.2}{\376\377\000S\000o\000s\000t\000e\000n\000i\000b\000i\000l\000i\000t\000a\000t}{chapter.7}% 72
\BOOKMARK [2][-]{subsection.7.2.1}{\376\377\000D\000i\000m\000e\000n\000s\000i\000\363\000\040\000e\000c\000o\000n\000\362\000m\000i\000c\000a}{section.7.2}% 73
\BOOKMARK [2][-]{subsection.7.2.2}{\376\377\000D\000i\000m\000e\000n\000s\000i\000\363\000\040\000a\000m\000b\000i\000e\000n\000t\000a\000l}{section.7.2}% 74
\BOOKMARK [2][-]{subsection.7.2.3}{\376\377\000D\000i\000m\000e\000n\000s\000i\000\363\000\040\000s\000o\000c\000i\000a\000l}{section.7.2}% 75
\BOOKMARK [0][-]{chapter*.43}{\376\377\000B\000i\000b\000l\000i\000o\000g\000r\000a\000f\000i\000a}{part.2}% 76
